<?xml version="1.0" encoding="UTF-8"?>
<testsuite xmlns:xsi="http://www.w3.org/2001/XMLSchema-instance" xsi:noNamespaceSchemaLocation="https://maven.apache.org/surefire/maven-surefire-plugin/xsd/surefire-test-report.xsd" name="com.kirana.register.kirana_store_register.service.TransactionTest" time="0.18" tests="3" errors="0" skipped="0" failures="0">
  <properties>
    <property name="java.specification.version" value="17"/>
    <property name="sun.jnu.encoding" value="UTF-8"/>
    <property name="java.class.path" value="/home/prajjawal12/Desktop/jar/kirana_store_backend/target/test-classes:/home/prajjawal12/Desktop/jar/kirana_store_backend/target/classes:/home/prajjawal12/.m2/repository/org/springframework/boot/spring-boot-starter/2.6.0/spring-boot-starter-2.6.0.jar:/home/prajjawal12/.m2/repository/org/springframework/boot/spring-boot/3.3.4/spring-boot-3.3.4.jar:/home/prajjawal12/.m2/repository/org/springframework/spring-context/6.1.13/spring-context-6.1.13.jar:/home/prajjawal12/.m2/repository/org/springframework/boot/spring-boot-autoconfigure/3.3.4/spring-boot-autoconfigure-3.3.4.jar:/home/prajjawal12/.m2/repository/jakarta/annotation/jakarta.annotation-api/2.1.1/jakarta.annotation-api-2.1.1.jar:/home/prajjawal12/.m2/repository/org/springframework/spring-core/6.1.13/spring-core-6.1.13.jar:/home/prajjawal12/.m2/repository/org/springframework/spring-jcl/6.1.13/spring-jcl-6.1.13.jar:/home/prajjawal12/.m2/repository/org/yaml/snakeyaml/2.2/snakeyaml-2.2.jar:/home/prajjawal12/.m2/repository/org/slf4j/slf4j-api/2.0.0/slf4j-api-2.0.0.jar:/home/prajjawal12/.m2/repository/org/springframework/boot/spring-boot-starter-security/3.3.4/spring-boot-starter-security-3.3.4.jar:/home/prajjawal12/.m2/repository/org/springframework/spring-aop/6.1.13/spring-aop-6.1.13.jar:/home/prajjawal12/.m2/repository/org/springframework/spring-beans/6.1.13/spring-beans-6.1.13.jar:/home/prajjawal12/.m2/repository/org/springframework/security/spring-security-config/6.3.3/spring-security-config-6.3.3.jar:/home/prajjawal12/.m2/repository/org/springframework/security/spring-security-web/6.3.3/spring-security-web-6.3.3.jar:/home/prajjawal12/.m2/repository/org/springframework/spring-expression/6.1.13/spring-expression-6.1.13.jar:/home/prajjawal12/.m2/repository/org/springframework/boot/spring-boot-starter-web/3.3.4/spring-boot-starter-web-3.3.4.jar:/home/prajjawal12/.m2/repository/org/springframework/boot/spring-boot-starter-json/3.3.4/spring-boot-starter-json-3.3.4.jar:/home/prajjawal12/.m2/repository/com/fasterxml/jackson/datatype/jackson-datatype-jdk8/2.17.2/jackson-datatype-jdk8-2.17.2.jar:/home/prajjawal12/.m2/repository/com/fasterxml/jackson/datatype/jackson-datatype-jsr310/2.17.2/jackson-datatype-jsr310-2.17.2.jar:/home/prajjawal12/.m2/repository/com/fasterxml/jackson/module/jackson-module-parameter-names/2.17.2/jackson-module-parameter-names-2.17.2.jar:/home/prajjawal12/.m2/repository/org/springframework/boot/spring-boot-starter-tomcat/3.3.4/spring-boot-starter-tomcat-3.3.4.jar:/home/prajjawal12/.m2/repository/org/apache/tomcat/embed/tomcat-embed-core/10.1.30/tomcat-embed-core-10.1.30.jar:/home/prajjawal12/.m2/repository/org/apache/tomcat/embed/tomcat-embed-el/10.1.30/tomcat-embed-el-10.1.30.jar:/home/prajjawal12/.m2/repository/org/apache/tomcat/embed/tomcat-embed-websocket/10.1.30/tomcat-embed-websocket-10.1.30.jar:/home/prajjawal12/.m2/repository/org/springframework/spring-web/6.1.13/spring-web-6.1.13.jar:/home/prajjawal12/.m2/repository/io/micrometer/micrometer-observation/1.13.4/micrometer-observation-1.13.4.jar:/home/prajjawal12/.m2/repository/io/micrometer/micrometer-commons/1.13.4/micrometer-commons-1.13.4.jar:/home/prajjawal12/.m2/repository/org/springframework/spring-webmvc/6.1.13/spring-webmvc-6.1.13.jar:/home/prajjawal12/.m2/repository/org/springframework/boot/spring-boot-starter-data-mongodb/3.3.4/spring-boot-starter-data-mongodb-3.3.4.jar:/home/prajjawal12/.m2/repository/org/mongodb/mongodb-driver-sync/5.0.1/mongodb-driver-sync-5.0.1.jar:/home/prajjawal12/.m2/repository/org/mongodb/bson/5.0.1/bson-5.0.1.jar:/home/prajjawal12/.m2/repository/org/mongodb/mongodb-driver-core/5.0.1/mongodb-driver-core-5.0.1.jar:/home/prajjawal12/.m2/repository/org/mongodb/bson-record-codec/5.0.1/bson-record-codec-5.0.1.jar:/home/prajjawal12/.m2/repository/org/springframework/data/spring-data-mongodb/4.3.4/spring-data-mongodb-4.3.4.jar:/home/prajjawal12/.m2/repository/org/springframework/spring-tx/6.1.13/spring-tx-6.1.13.jar:/home/prajjawal12/.m2/repository/org/springframework/data/spring-data-commons/3.3.4/spring-data-commons-3.3.4.jar:/home/prajjawal12/.m2/repository/org/junit/jupiter/junit-jupiter/5.8.1/junit-jupiter-5.8.1.jar:/home/prajjawal12/.m2/repository/org/junit/jupiter/junit-jupiter-api/5.10.3/junit-jupiter-api-5.10.3.jar:/home/prajjawal12/.m2/repository/org/opentest4j/opentest4j/1.3.0/opentest4j-1.3.0.jar:/home/prajjawal12/.m2/repository/org/junit/platform/junit-platform-commons/1.10.3/junit-platform-commons-1.10.3.jar:/home/prajjawal12/.m2/repository/org/apiguardian/apiguardian-api/1.1.2/apiguardian-api-1.1.2.jar:/home/prajjawal12/.m2/repository/org/junit/jupiter/junit-jupiter-params/5.10.3/junit-jupiter-params-5.10.3.jar:/home/prajjawal12/.m2/repository/org/junit/jupiter/junit-jupiter-engine/5.10.3/junit-jupiter-engine-5.10.3.jar:/home/prajjawal12/.m2/repository/org/junit/platform/junit-platform-engine/1.10.3/junit-platform-engine-1.10.3.jar:/home/prajjawal12/.m2/repository/org/springframework/boot/spring-boot-starter-logging/3.3.4/spring-boot-starter-logging-3.3.4.jar:/home/prajjawal12/.m2/repository/ch/qos/logback/logback-classic/1.5.8/logback-classic-1.5.8.jar:/home/prajjawal12/.m2/repository/ch/qos/logback/logback-core/1.5.8/logback-core-1.5.8.jar:/home/prajjawal12/.m2/repository/org/apache/logging/log4j/log4j-to-slf4j/2.23.1/log4j-to-slf4j-2.23.1.jar:/home/prajjawal12/.m2/repository/org/apache/logging/log4j/log4j-api/2.23.1/log4j-api-2.23.1.jar:/home/prajjawal12/.m2/repository/org/slf4j/jul-to-slf4j/2.0.16/jul-to-slf4j-2.0.16.jar:/home/prajjawal12/.m2/repository/org/springframework/boot/spring-boot-devtools/3.3.4/spring-boot-devtools-3.3.4.jar:/home/prajjawal12/.m2/repository/io/jsonwebtoken/jjwt-api/0.11.5/jjwt-api-0.11.5.jar:/home/prajjawal12/.m2/repository/io/jsonwebtoken/jjwt-impl/0.11.5/jjwt-impl-0.11.5.jar:/home/prajjawal12/.m2/repository/io/jsonwebtoken/jjwt-jackson/0.11.5/jjwt-jackson-0.11.5.jar:/home/prajjawal12/.m2/repository/com/fasterxml/jackson/core/jackson-databind/2.17.2/jackson-databind-2.17.2.jar:/home/prajjawal12/.m2/repository/com/fasterxml/jackson/core/jackson-annotations/2.17.2/jackson-annotations-2.17.2.jar:/home/prajjawal12/.m2/repository/com/fasterxml/jackson/core/jackson-core/2.17.2/jackson-core-2.17.2.jar:/home/prajjawal12/.m2/repository/com/bucket4j/bucket4j-core/8.1.0/bucket4j-core-8.1.0.jar:/home/prajjawal12/.m2/repository/org/projectlombok/lombok/1.18.22/lombok-1.18.22.jar:/home/prajjawal12/.m2/repository/org/springframework/boot/spring-boot-starter-test/3.3.4/spring-boot-starter-test-3.3.4.jar:/home/prajjawal12/.m2/repository/org/springframework/boot/spring-boot-test/3.3.4/spring-boot-test-3.3.4.jar:/home/prajjawal12/.m2/repository/org/springframework/boot/spring-boot-test-autoconfigure/3.3.4/spring-boot-test-autoconfigure-3.3.4.jar:/home/prajjawal12/.m2/repository/com/jayway/jsonpath/json-path/2.9.0/json-path-2.9.0.jar:/home/prajjawal12/.m2/repository/jakarta/xml/bind/jakarta.xml.bind-api/4.0.2/jakarta.xml.bind-api-4.0.2.jar:/home/prajjawal12/.m2/repository/jakarta/activation/jakarta.activation-api/2.1.3/jakarta.activation-api-2.1.3.jar:/home/prajjawal12/.m2/repository/net/minidev/json-smart/2.5.1/json-smart-2.5.1.jar:/home/prajjawal12/.m2/repository/net/minidev/accessors-smart/2.5.1/accessors-smart-2.5.1.jar:/home/prajjawal12/.m2/repository/org/ow2/asm/asm/9.6/asm-9.6.jar:/home/prajjawal12/.m2/repository/org/awaitility/awaitility/4.2.2/awaitility-4.2.2.jar:/home/prajjawal12/.m2/repository/org/hamcrest/hamcrest/2.2/hamcrest-2.2.jar:/home/prajjawal12/.m2/repository/org/mockito/mockito-junit-jupiter/5.11.0/mockito-junit-jupiter-5.11.0.jar:/home/prajjawal12/.m2/repository/org/skyscreamer/jsonassert/1.5.3/jsonassert-1.5.3.jar:/home/prajjawal12/.m2/repository/com/vaadin/external/google/android-json/0.0.20131108.vaadin1/android-json-0.0.20131108.vaadin1.jar:/home/prajjawal12/.m2/repository/org/springframework/spring-test/6.1.13/spring-test-6.1.13.jar:/home/prajjawal12/.m2/repository/org/xmlunit/xmlunit-core/2.9.1/xmlunit-core-2.9.1.jar:/home/prajjawal12/.m2/repository/org/mockito/mockito-core/5.11.0/mockito-core-5.11.0.jar:/home/prajjawal12/.m2/repository/net/bytebuddy/byte-buddy/1.14.19/byte-buddy-1.14.19.jar:/home/prajjawal12/.m2/repository/net/bytebuddy/byte-buddy-agent/1.14.19/byte-buddy-agent-1.14.19.jar:/home/prajjawal12/.m2/repository/org/objenesis/objenesis/3.3/objenesis-3.3.jar:/home/prajjawal12/.m2/repository/org/assertj/assertj-core/3.25.3/assertj-core-3.25.3.jar:/home/prajjawal12/.m2/repository/org/springframework/security/spring-security-test/6.3.3/spring-security-test-6.3.3.jar:/home/prajjawal12/.m2/repository/org/springframework/security/spring-security-core/6.3.3/spring-security-core-6.3.3.jar:/home/prajjawal12/.m2/repository/org/springframework/security/spring-security-crypto/6.3.3/spring-security-crypto-6.3.3.jar:"/>
    <property name="java.vm.vendor" value="Ubuntu"/>
    <property name="sun.arch.data.model" value="64"/>
    <property name="java.vendor.url" value="https://ubuntu.com/"/>
    <property name="os.name" value="Linux"/>
    <property name="java.vm.specification.version" value="17"/>
    <property name="sun.java.launcher" value="SUN_STANDARD"/>
    <property name="user.country" value="CA"/>
    <property name="sun.boot.library.path" value="/usr/lib/jvm/java-17-openjdk-amd64/lib"/>
    <property name="sun.java.command" value="/home/prajjawal12/Desktop/jar/kirana_store_backend/target/surefire/surefirebooter11352880476473258890.jar /home/prajjawal12/Desktop/jar/kirana_store_backend/target/surefire 2024-09-24T18-50-18_837-jvmRun1 surefire1271171321385576594tmp surefire_01886440186867504652tmp"/>
    <property name="jdk.debug" value="release"/>
    <property name="surefire.test.class.path" value="/home/prajjawal12/Desktop/jar/kirana_store_backend/target/test-classes:/home/prajjawal12/Desktop/jar/kirana_store_backend/target/classes:/home/prajjawal12/.m2/repository/org/springframework/boot/spring-boot-starter/2.6.0/spring-boot-starter-2.6.0.jar:/home/prajjawal12/.m2/repository/org/springframework/boot/spring-boot/3.3.4/spring-boot-3.3.4.jar:/home/prajjawal12/.m2/repository/org/springframework/spring-context/6.1.13/spring-context-6.1.13.jar:/home/prajjawal12/.m2/repository/org/springframework/boot/spring-boot-autoconfigure/3.3.4/spring-boot-autoconfigure-3.3.4.jar:/home/prajjawal12/.m2/repository/jakarta/annotation/jakarta.annotation-api/2.1.1/jakarta.annotation-api-2.1.1.jar:/home/prajjawal12/.m2/repository/org/springframework/spring-core/6.1.13/spring-core-6.1.13.jar:/home/prajjawal12/.m2/repository/org/springframework/spring-jcl/6.1.13/spring-jcl-6.1.13.jar:/home/prajjawal12/.m2/repository/org/yaml/snakeyaml/2.2/snakeyaml-2.2.jar:/home/prajjawal12/.m2/repository/org/slf4j/slf4j-api/2.0.0/slf4j-api-2.0.0.jar:/home/prajjawal12/.m2/repository/org/springframework/boot/spring-boot-starter-security/3.3.4/spring-boot-starter-security-3.3.4.jar:/home/prajjawal12/.m2/repository/org/springframework/spring-aop/6.1.13/spring-aop-6.1.13.jar:/home/prajjawal12/.m2/repository/org/springframework/spring-beans/6.1.13/spring-beans-6.1.13.jar:/home/prajjawal12/.m2/repository/org/springframework/security/spring-security-config/6.3.3/spring-security-config-6.3.3.jar:/home/prajjawal12/.m2/repository/org/springframework/security/spring-security-web/6.3.3/spring-security-web-6.3.3.jar:/home/prajjawal12/.m2/repository/org/springframework/spring-expression/6.1.13/spring-expression-6.1.13.jar:/home/prajjawal12/.m2/repository/org/springframework/boot/spring-boot-starter-web/3.3.4/spring-boot-starter-web-3.3.4.jar:/home/prajjawal12/.m2/repository/org/springframework/boot/spring-boot-starter-json/3.3.4/spring-boot-starter-json-3.3.4.jar:/home/prajjawal12/.m2/repository/com/fasterxml/jackson/datatype/jackson-datatype-jdk8/2.17.2/jackson-datatype-jdk8-2.17.2.jar:/home/prajjawal12/.m2/repository/com/fasterxml/jackson/datatype/jackson-datatype-jsr310/2.17.2/jackson-datatype-jsr310-2.17.2.jar:/home/prajjawal12/.m2/repository/com/fasterxml/jackson/module/jackson-module-parameter-names/2.17.2/jackson-module-parameter-names-2.17.2.jar:/home/prajjawal12/.m2/repository/org/springframework/boot/spring-boot-starter-tomcat/3.3.4/spring-boot-starter-tomcat-3.3.4.jar:/home/prajjawal12/.m2/repository/org/apache/tomcat/embed/tomcat-embed-core/10.1.30/tomcat-embed-core-10.1.30.jar:/home/prajjawal12/.m2/repository/org/apache/tomcat/embed/tomcat-embed-el/10.1.30/tomcat-embed-el-10.1.30.jar:/home/prajjawal12/.m2/repository/org/apache/tomcat/embed/tomcat-embed-websocket/10.1.30/tomcat-embed-websocket-10.1.30.jar:/home/prajjawal12/.m2/repository/org/springframework/spring-web/6.1.13/spring-web-6.1.13.jar:/home/prajjawal12/.m2/repository/io/micrometer/micrometer-observation/1.13.4/micrometer-observation-1.13.4.jar:/home/prajjawal12/.m2/repository/io/micrometer/micrometer-commons/1.13.4/micrometer-commons-1.13.4.jar:/home/prajjawal12/.m2/repository/org/springframework/spring-webmvc/6.1.13/spring-webmvc-6.1.13.jar:/home/prajjawal12/.m2/repository/org/springframework/boot/spring-boot-starter-data-mongodb/3.3.4/spring-boot-starter-data-mongodb-3.3.4.jar:/home/prajjawal12/.m2/repository/org/mongodb/mongodb-driver-sync/5.0.1/mongodb-driver-sync-5.0.1.jar:/home/prajjawal12/.m2/repository/org/mongodb/bson/5.0.1/bson-5.0.1.jar:/home/prajjawal12/.m2/repository/org/mongodb/mongodb-driver-core/5.0.1/mongodb-driver-core-5.0.1.jar:/home/prajjawal12/.m2/repository/org/mongodb/bson-record-codec/5.0.1/bson-record-codec-5.0.1.jar:/home/prajjawal12/.m2/repository/org/springframework/data/spring-data-mongodb/4.3.4/spring-data-mongodb-4.3.4.jar:/home/prajjawal12/.m2/repository/org/springframework/spring-tx/6.1.13/spring-tx-6.1.13.jar:/home/prajjawal12/.m2/repository/org/springframework/data/spring-data-commons/3.3.4/spring-data-commons-3.3.4.jar:/home/prajjawal12/.m2/repository/org/junit/jupiter/junit-jupiter/5.8.1/junit-jupiter-5.8.1.jar:/home/prajjawal12/.m2/repository/org/junit/jupiter/junit-jupiter-api/5.10.3/junit-jupiter-api-5.10.3.jar:/home/prajjawal12/.m2/repository/org/opentest4j/opentest4j/1.3.0/opentest4j-1.3.0.jar:/home/prajjawal12/.m2/repository/org/junit/platform/junit-platform-commons/1.10.3/junit-platform-commons-1.10.3.jar:/home/prajjawal12/.m2/repository/org/apiguardian/apiguardian-api/1.1.2/apiguardian-api-1.1.2.jar:/home/prajjawal12/.m2/repository/org/junit/jupiter/junit-jupiter-params/5.10.3/junit-jupiter-params-5.10.3.jar:/home/prajjawal12/.m2/repository/org/junit/jupiter/junit-jupiter-engine/5.10.3/junit-jupiter-engine-5.10.3.jar:/home/prajjawal12/.m2/repository/org/junit/platform/junit-platform-engine/1.10.3/junit-platform-engine-1.10.3.jar:/home/prajjawal12/.m2/repository/org/springframework/boot/spring-boot-starter-logging/3.3.4/spring-boot-starter-logging-3.3.4.jar:/home/prajjawal12/.m2/repository/ch/qos/logback/logback-classic/1.5.8/logback-classic-1.5.8.jar:/home/prajjawal12/.m2/repository/ch/qos/logback/logback-core/1.5.8/logback-core-1.5.8.jar:/home/prajjawal12/.m2/repository/org/apache/logging/log4j/log4j-to-slf4j/2.23.1/log4j-to-slf4j-2.23.1.jar:/home/prajjawal12/.m2/repository/org/apache/logging/log4j/log4j-api/2.23.1/log4j-api-2.23.1.jar:/home/prajjawal12/.m2/repository/org/slf4j/jul-to-slf4j/2.0.16/jul-to-slf4j-2.0.16.jar:/home/prajjawal12/.m2/repository/org/springframework/boot/spring-boot-devtools/3.3.4/spring-boot-devtools-3.3.4.jar:/home/prajjawal12/.m2/repository/io/jsonwebtoken/jjwt-api/0.11.5/jjwt-api-0.11.5.jar:/home/prajjawal12/.m2/repository/io/jsonwebtoken/jjwt-impl/0.11.5/jjwt-impl-0.11.5.jar:/home/prajjawal12/.m2/repository/io/jsonwebtoken/jjwt-jackson/0.11.5/jjwt-jackson-0.11.5.jar:/home/prajjawal12/.m2/repository/com/fasterxml/jackson/core/jackson-databind/2.17.2/jackson-databind-2.17.2.jar:/home/prajjawal12/.m2/repository/com/fasterxml/jackson/core/jackson-annotations/2.17.2/jackson-annotations-2.17.2.jar:/home/prajjawal12/.m2/repository/com/fasterxml/jackson/core/jackson-core/2.17.2/jackson-core-2.17.2.jar:/home/prajjawal12/.m2/repository/com/bucket4j/bucket4j-core/8.1.0/bucket4j-core-8.1.0.jar:/home/prajjawal12/.m2/repository/org/projectlombok/lombok/1.18.22/lombok-1.18.22.jar:/home/prajjawal12/.m2/repository/org/springframework/boot/spring-boot-starter-test/3.3.4/spring-boot-starter-test-3.3.4.jar:/home/prajjawal12/.m2/repository/org/springframework/boot/spring-boot-test/3.3.4/spring-boot-test-3.3.4.jar:/home/prajjawal12/.m2/repository/org/springframework/boot/spring-boot-test-autoconfigure/3.3.4/spring-boot-test-autoconfigure-3.3.4.jar:/home/prajjawal12/.m2/repository/com/jayway/jsonpath/json-path/2.9.0/json-path-2.9.0.jar:/home/prajjawal12/.m2/repository/jakarta/xml/bind/jakarta.xml.bind-api/4.0.2/jakarta.xml.bind-api-4.0.2.jar:/home/prajjawal12/.m2/repository/jakarta/activation/jakarta.activation-api/2.1.3/jakarta.activation-api-2.1.3.jar:/home/prajjawal12/.m2/repository/net/minidev/json-smart/2.5.1/json-smart-2.5.1.jar:/home/prajjawal12/.m2/repository/net/minidev/accessors-smart/2.5.1/accessors-smart-2.5.1.jar:/home/prajjawal12/.m2/repository/org/ow2/asm/asm/9.6/asm-9.6.jar:/home/prajjawal12/.m2/repository/org/awaitility/awaitility/4.2.2/awaitility-4.2.2.jar:/home/prajjawal12/.m2/repository/org/hamcrest/hamcrest/2.2/hamcrest-2.2.jar:/home/prajjawal12/.m2/repository/org/mockito/mockito-junit-jupiter/5.11.0/mockito-junit-jupiter-5.11.0.jar:/home/prajjawal12/.m2/repository/org/skyscreamer/jsonassert/1.5.3/jsonassert-1.5.3.jar:/home/prajjawal12/.m2/repository/com/vaadin/external/google/android-json/0.0.20131108.vaadin1/android-json-0.0.20131108.vaadin1.jar:/home/prajjawal12/.m2/repository/org/springframework/spring-test/6.1.13/spring-test-6.1.13.jar:/home/prajjawal12/.m2/repository/org/xmlunit/xmlunit-core/2.9.1/xmlunit-core-2.9.1.jar:/home/prajjawal12/.m2/repository/org/mockito/mockito-core/5.11.0/mockito-core-5.11.0.jar:/home/prajjawal12/.m2/repository/net/bytebuddy/byte-buddy/1.14.19/byte-buddy-1.14.19.jar:/home/prajjawal12/.m2/repository/net/bytebuddy/byte-buddy-agent/1.14.19/byte-buddy-agent-1.14.19.jar:/home/prajjawal12/.m2/repository/org/objenesis/objenesis/3.3/objenesis-3.3.jar:/home/prajjawal12/.m2/repository/org/assertj/assertj-core/3.25.3/assertj-core-3.25.3.jar:/home/prajjawal12/.m2/repository/org/springframework/security/spring-security-test/6.3.3/spring-security-test-6.3.3.jar:/home/prajjawal12/.m2/repository/org/springframework/security/spring-security-core/6.3.3/spring-security-core-6.3.3.jar:/home/prajjawal12/.m2/repository/org/springframework/security/spring-security-crypto/6.3.3/spring-security-crypto-6.3.3.jar:"/>
    <property name="sun.cpu.endian" value="little"/>
    <property name="user.home" value="/home/prajjawal12"/>
    <property name="user.language" value="en"/>
    <property name="java.specification.vendor" value="Oracle Corporation"/>
    <property name="java.version.date" value="2024-07-16"/>
    <property name="java.home" value="/usr/lib/jvm/java-17-openjdk-amd64"/>
    <property name="file.separator" value="/"/>
    <property name="basedir" value="/home/prajjawal12/Desktop/jar/kirana_store_backend"/>
    <property name="java.vm.compressedOopsMode" value="32-bit"/>
    <property name="line.separator" value="&#10;"/>
    <property name="java.vm.specification.vendor" value="Oracle Corporation"/>
    <property name="java.specification.name" value="Java Platform API Specification"/>
    <property name="surefire.real.class.path" value="/home/prajjawal12/Desktop/jar/kirana_store_backend/target/surefire/surefirebooter11352880476473258890.jar"/>
    <property name="sun.management.compiler" value="HotSpot 64-Bit Tiered Compilers"/>
    <property name="java.runtime.version" value="17.0.12+7-Ubuntu-1ubuntu224.04"/>
    <property name="user.name" value="prajjawal12"/>
    <property name="path.separator" value=":"/>
    <property name="os.version" value="6.8.0-45-generic"/>
    <property name="java.runtime.name" value="OpenJDK Runtime Environment"/>
    <property name="file.encoding" value="UTF-8"/>
    <property name="java.vm.name" value="OpenJDK 64-Bit Server VM"/>
    <property name="localRepository" value="/home/prajjawal12/.m2/repository"/>
    <property name="java.vendor.url.bug" value="https://bugs.launchpad.net/ubuntu/+source/openjdk-17"/>
    <property name="java.io.tmpdir" value="/tmp"/>
    <property name="java.version" value="17.0.12"/>
    <property name="user.dir" value="/home/prajjawal12/Desktop/jar/kirana_store_backend"/>
    <property name="os.arch" value="amd64"/>
    <property name="java.vm.specification.name" value="Java Virtual Machine Specification"/>
    <property name="native.encoding" value="UTF-8"/>
    <property name="java.library.path" value="/usr/java/packages/lib:/usr/lib/x86_64-linux-gnu/jni:/lib/x86_64-linux-gnu:/usr/lib/x86_64-linux-gnu:/usr/lib/jni:/lib:/usr/lib"/>
    <property name="java.vm.info" value="mixed mode, sharing"/>
    <property name="java.vendor" value="Ubuntu"/>
    <property name="java.vm.version" value="17.0.12+7-Ubuntu-1ubuntu224.04"/>
    <property name="sun.io.unicode.encoding" value="UnicodeLittle"/>
    <property name="java.class.version" value="61.0"/>
  </properties>
  <testcase name="testRecordTransactionWithNegativeAmount" classname="com.kirana.register.kirana_store_register.service.TransactionTest" time="0.157"/>
  <testcase name="testRecordTransactionWithValidData" classname="com.kirana.register.kirana_store_register.service.TransactionTest" time="0.017"/>
  <testcase name="testRecordTransactionInvalidCurrencyConversion" classname="com.kirana.register.kirana_store_register.service.TransactionTest" time="0.004"/>
</testsuite>